<?xml version="1.0" encoding="UTF-8"?>
<!-- Generated by org.testng.reporters.JUnitXMLReporter -->
<testsuite ignored="0" hostname="LAPTOP-Q1M71NSC" failures="1" tests="4" name="TestSuiteChrome" time="26.817" errors="0" timestamp="2023-11-07T08:59:30 ART">
  <testcase classname="com.selenium.test.test" name="ValidarBusquedaWikipedia" time="2.205"/>
  <testcase classname="com.selenium.test.test" name="ValidarBusquedaWikipedia" time="2.3"/>
  <testcase classname="com.selenium.test.test" name="ValidarBusquedaWikipedia" time="2.175">
    <failure type="java.lang.AssertionError" message="expected [true] but found [false]">
      <![CDATA[java.lang.AssertionError: expected [true] but found [false]
at com.seleniumPages.wikiResultPage.validarTitulo(wikiResultPage.java:19)
at com.selenium.test.test.ValidarBusquedaWikipedia(test.java:72)
at java.base/java.util.ArrayList.forEach(ArrayList.java:1511)
... Removed 31 stack frames]]>
    </failure>
  </testcase> <!-- ValidarBusquedaWikipedia -->
  <testcase classname="com.selenium.test.test" name="ValidarBusquedaWikipedia" time="2.115"/>
</testsuite> <!-- TestSuiteChrome -->
